* using log directory '/Users/hadley/ggobi/rggobi/..Rcheck'
* using R version 2.2.0, 2005-10-06 
* checking for file './DESCRIPTION' ... OK
* this is package 'rggobi' version '2.1.1'
* checking if this is a source package ... WARNING
Subdirectory './src' contains object files.
* checking package directory ... OK
* checking for portable file names ... OK
* checking for sufficient/correct file permissions ... OK
* checking DESCRIPTION meta-information ... OK
* checking package dependencies ... OK
* checking index information ... OK
* checking package subdirectories ... OK
* checking R files for syntax errors ... OK
* checking R files for library.dynam ... OK
* checking S3 generic/method consistency ... OK
* checking replacement functions ... OK
* checking foreign function calls ... OK
* checking Rd files ... OK
* checking for missing documentation entries ... OK
* checking for code/documentation mismatches ... OK
* checking Rd \usage sections ... OK
* checking for CRLF line endings in C/C++/Fortran sources/headers ... OK
* checking for portable compilation flags in Makevars ... OK
* creating rggobi-Ex.R ... OK
* checking examples ... OK
* creating rggobi-manual.tex ... OK
* checking rggobi-manual.tex ... OK
