\BOOKMARK [1][-]{Rfn.addVariable.ggobiDataset.1}{addVariable.ggobiDataset}{}
\BOOKMARK [1][-]{Rfn."as.data.frame.ggobiDataset".1}{"as.data.frame.ggobiDataset"}{}
\BOOKMARK [1][-]{Rfn.clean.ggobi.1}{clean.ggobi}{}
\BOOKMARK [1][-]{Rfn.close.ggobi.1}{close.ggobi}{}
\BOOKMARK [1][-]{Rfn."colorscheme<.Rdash.".1}{"colorscheme<-"}{}
\BOOKMARK [1][-]{Rfn.colorscheme.1}{colorscheme}{}
\BOOKMARK [1][-]{Rfn.connecting.Rul.edges.1}{connecting\137edges}{}
\BOOKMARK [1][-]{Rfn.create.Rul.time.Rul.edges.Rul.for.Rul.unit.1}{create\137time\137edges\137for\137unit}{}
\BOOKMARK [1][-]{Rfn.create.Rul.time.Rul.edges.1}{create\137time\137edges}{}
\BOOKMARK [1][-]{Rfn.dataset.1}{dataset}{}
\BOOKMARK [1][-]{Rfn.dim.ggobiDataset.1}{dim.ggobiDataset}{}
\BOOKMARK [1][-]{Rfn.dimnames.ggobiDataset.1}{dimnames.ggobiDataset}{}
\BOOKMARK [1][-]{Rfn."edges<.Rdash.".1}{"edges<-"}{}
\BOOKMARK [1][-]{Rfn.edges.1}{edges}{}
\BOOKMARK [1][-]{Rfn."excluded<.Rdash..ggobiDataset".1}{"excluded<-.ggobiDataset"}{}
\BOOKMARK [1][-]{Rfn.excluded.ggobiDataset.1}{excluded.ggobiDataset}{}
\BOOKMARK [1][-]{Rfn."[.ggobiDataset".1}{"[.ggobiDataset"}{}
\BOOKMARK [1][-]{Rfn.".Rdol..ggobi".1}{"\044.ggobi"}{}
\BOOKMARK [1][-]{Rfn.ggobi.Rul.check.Rul.structs.1}{ggobi\137check\137structs}{}
\BOOKMARK [1][-]{Rfn.ggobi.Rul.count.1}{ggobi\137count}{}
\BOOKMARK [1][-]{Rfn.ggobi.Rul.data.Rul.set.Rul.variables.1}{ggobi\137data\137set\137variables}{}
\BOOKMARK [1][-]{Rfn.ggobi.find.file.1}{ggobi.find.file}{}
\BOOKMARK [1][-]{Rfn.ggobi.1}{ggobi}{}
\BOOKMARK [1][-]{Rfn.ggobi.Rul.get.1}{ggobi\137get}{}
\BOOKMARK [1][-]{Rfn.ggobi.Rul.longitudinal.1}{ggobi\137longitudinal}{}
\BOOKMARK [1][-]{Rfn.ggobi.Rul.set.Rul.data.Rul.file.1}{ggobi\137set\137data\137file}{}
\BOOKMARK [1][-]{Rfn.ggobi.Rul.set.Rul.data.Rul.frame.1}{ggobi\137set\137data\137frame}{}
\BOOKMARK [1][-]{Rfn..ggobi.symbol.1}{.ggobi.symbol}{}
\BOOKMARK [1][-]{Rfn.ggobi.Rul.version.1}{ggobi\137version}{}
\BOOKMARK [1][-]{Rfn..GGobiCall.1}{.GGobiCall}{}
\BOOKMARK [1][-]{Rfn."glyph.Rul.colour<.Rdash..ggobiDataset".1}{"glyph\137colour<-.ggobiDataset"}{}
\BOOKMARK [1][-]{Rfn.glyph.Rul.colour.ggobiDataset.1}{glyph\137colour.ggobiDataset}{}
\BOOKMARK [1][-]{Rfn."glyph.Rul.size<.Rdash..ggobiDataset".1}{"glyph\137size<-.ggobiDataset"}{}
\BOOKMARK [1][-]{Rfn.glyph.Rul.size.ggobiDataset.1}{glyph\137size.ggobiDataset}{}
\BOOKMARK [1][-]{Rfn."glyph.Rul.type<.Rdash..ggobiDataset".1}{"glyph\137type<-.ggobiDataset"}{}
\BOOKMARK [1][-]{Rfn.glyph.Rul.type.ggobiDataset.1}{glyph\137type.ggobiDataset}{}
\BOOKMARK [1][-]{Rfn."ids<.Rdash..ggobiDataset".1}{"ids<-.ggobiDataset"}{}
\BOOKMARK [1][-]{Rfn.ids.ggobiDataset.1}{ids.ggobiDataset}{}
\BOOKMARK [1][-]{Rfn.mapGlyphType.1}{mapGlyphType}{}
\BOOKMARK [1][-]{Rfn."names<.Rdash..ggobiDataset".1}{"names<-.ggobiDataset"}{}
\BOOKMARK [1][-]{Rfn.names.ggobi.1}{names.ggobi}{}
\BOOKMARK [1][-]{Rfn.names.ggobiDataset.1}{names.ggobiDataset}{}
\BOOKMARK [1][-]{Rfn.ncol.ggobiDataset.1}{ncol.ggobiDataset}{}
\BOOKMARK [1][-]{Rfn.nrow.ggobiDataset.1}{nrow.ggobiDataset}{}
\BOOKMARK [1][-]{Rfn.print.ggobi.1}{print.ggobi}{}
\BOOKMARK [1][-]{Rfn.print.ggobiDataset.1}{print.ggobiDataset}{}
\BOOKMARK [1][-]{Rfn."rownames<.Rdash..ggobiDataset".1}{"rownames<-.ggobiDataset"}{}
\BOOKMARK [1][-]{Rfn.rownames.ggobiDataset.1}{rownames.ggobiDataset}{}
\BOOKMARK [1][-]{Rfn.selected.ggobiDataset.1}{selected.ggobiDataset}{}
\BOOKMARK [1][-]{Rfn."[<.Rdash..ggobi".1}{"[<-.ggobi"}{}
\BOOKMARK [1][-]{Rfn."[<.Rdash..ggobiDataset".1}{"[<-.ggobiDataset"}{}
\BOOKMARK [1][-]{Rfn."shadowed<.Rdash..ggobiDataset".1}{"shadowed<-.ggobiDataset"}{}
\BOOKMARK [1][-]{Rfn.shadowed.ggobiDataset.1}{shadowed.ggobiDataset}{}
\BOOKMARK [1][-]{Rfn.summary.ggobi.1}{summary.ggobi}{}
\BOOKMARK [1][-]{Rfn.summary.ggobiDataset.1}{summary.ggobiDataset}{}
\BOOKMARK [1][-]{Rfn.valid.Rul.ggobi.1}{valid\137ggobi}{}
\BOOKMARK [1][-]{Rfn.variable.Rul.index.1}{variable\137index}{}
